<?xml version="1.0" encoding="UTF-8"?>
<!-- Generated by org.testng.reporters.JUnitReportReporter -->
<testsuite hostname="DESKTOP-G7T42I2" failures="0" tests="2" name="MavenJava.AppiumTest" time="0.013" errors="0" timestamp="2021-04-25T21:17:48 IST" skipped="0">
  <testcase classname="MavenJava.AppiumTest" name="ElementsUiAppium" time="0.001"/>
  <system-out/>
  <testcase classname="MavenJava.AppiumTest" name="BrowserAutomationAppium" time="0.012"/>
  <system-out/>
</testsuite> <!-- MavenJava.AppiumTest -->
