<?xml version="1.0" encoding="UTF-8"?>
<!-- Generated by org.testng.reporters.JUnitReportReporter -->
<testsuite hostname="DESKTOP-G7T42I2" failures="0" tests="2" name="MavenJava.AppiumTest" time="0.007" errors="0" timestamp="2021-04-27T19:52:51 IST" skipped="0">
  <testcase classname="MavenJava.AppiumTest" name="ElementsUiAppium" time="0.000"/>
  <system-out/>
  <testcase classname="MavenJava.AppiumTest" name="BrowserAutomationAppium" time="0.007"/>
  <system-out/>
</testsuite> <!-- MavenJava.AppiumTest -->
