<?xml version="1.0" encoding="UTF-8"?>
<!-- Generated by org.testng.reporters.JUnitReportReporter -->
<testsuite hostname="DESKTOP-G7T42I2" failures="0" tests="2" name="MavenJava.SeleniumTest" time="0.000" errors="0" timestamp="2021-04-27T19:52:51 IST" skipped="0">
  <testcase classname="MavenJava.SeleniumTest" name="BrowserAutomationSelenium" time="0.000"/>
  <system-out/>
  <testcase classname="MavenJava.SeleniumTest" name="ElementsUiSelenium" time="0.000"/>
  <system-out/>
</testsuite> <!-- MavenJava.SeleniumTest -->
