<?xml version="1.0" encoding="UTF-8"?>
<!-- Generated by org.testng.reporters.JUnitReportReporter -->
<testsuite hostname="DESKTOP-G7T42I2" failures="0" tests="2" name="MavenJava.RestApiTest" time="0.001" errors="0" timestamp="2021-04-27T19:52:51 IST" skipped="0">
  <testcase classname="MavenJava.RestApiTest" name="ElementsUiRestApi" time="0.000"/>
  <system-out/>
  <testcase classname="MavenJava.RestApiTest" name="BrowserAutomationRestApi" time="0.001"/>
  <system-out/>
</testsuite> <!-- MavenJava.RestApiTest -->
